<?xml version="1.0" encoding="UTF-8"?>
<!-- Generated by org.testng.reporters.JUnitXMLReporter -->
<testsuite hostname="REACH-HARDs-MacBook-Pro.local" ignored="0" name="Test" tests="39" failures="2" timestamp="2020-10-19T10:01:29 WAT" time="1869.56" errors="0">
  <testcase name="testServiceSupportElements" time="6.081" classname="supportMenu.ServiceSupportElements"/>
  <testcase name="testSubscribe" time="2.924" classname="footer.Subscribe"/>
  <testcase name="testRentalsPageElements" time="8.218" classname="rentalsMenu.RentalsPageElements"/>
  <testcase name="testFeatures" time="32.639" classname="admin.Features"/>
  <testcase name="testAboutUs" time="2.161" classname="homePage.AboutUs"/>
  <testcase name="testHomepageElements" time="16.632" classname="homePage.HomepageElements"/>
  <testcase name="testCancelProductSearch" time="7.641" classname="homePage.CancelProductSearch"/>
  <testcase name="testAdminProfileMenuOptions" time="2.096" classname="admin.AdminProfileMenuOptions"/>
  <testcase name="testCompanyMenuPageElements" time="2.172" classname="companyMenu.CompanyMenuPageElements"/>
  <testcase name="testUpdateCartQuantity" time="83.725" classname="orders.UpdateCartQuantity"/>
  <testcase name="testEmotyCart" time="7.672" classname="orders.EmptyCart"/>
  <testcase name="testEquipments" time="10.967" classname="admin.Equipments"/>
  <testcase name="testValidProductSearch" time="18.497" classname="homePage.ValidProductSearch"/>
  <testcase name="testLoginElements" time="2.174" classname="UserAccess.LoginPageElements"/>
  <testcase name="testSignIn" time="0.027" classname="UserAccess.SignIn">
    <failure type="java.lang.NullPointerException">
      <![CDATA[java.lang.NullPointerException
at UserAccess.SignIn.testSignIn(SignIn.java:108)
at java.util.ArrayList.forEach(ArrayList.java:1257)
... Removed 27 stack frames]]>
    </failure>
  </testcase> <!-- testSignIn -->
  <testcase name="testSubmitProductQuote" time="35.351" classname="orders.SubmitProductQuote"/>
  <testcase name="testAddProductCart" time="54.796" classname="orders.AddProductCart"/>
  <testcase name="testBrowseEquipments" time="2.134" classname="homePage.BrowseEquipments"/>
  <testcase name="testAdminLoginUtility" time="27.389" classname="admin.Requests"/>
  <testcase name="testBrowseRentals" time="2.072" classname="homePage.BrowseRentals"/>
  <testcase name="testInvalidProductSearch" time="4.38" classname="homePage.InvalidProductSearch"/>
  <testcase name="IndustialSolutions" time="2.089" classname="footer.IndustrialSolutions"/>
  <testcase name="testProductCartDetails" time="29.326" classname="orders.ProductCartDetails"/>
  <testcase name="testInvalidLogin" time="16.899" classname="UserAccess.InvalidLogin"/>
  <testcase name="testSignUp" time="27.078" classname="UserAccess.SignUp"/>
  <testcase name="testOurStory" time="2.114" classname="footer.OurStory"/>
  <testcase name="testSubscribe" time="1.226" classname="homePage.Subscribe"/>
  <testcase name="testEmotyCart" time="10.203" classname="orders.RentWithoutLogin"/>
  <testcase name="testRentalEquipments" time="2.099" classname="footer.RentalEquipments"/>
  <testcase name="testFAQs" time="2.15" classname="footer.FAQs"/>
  <testcase name="testSignUpElements" time="10.983" classname="UserAccess.SignUpPageElements"/>
  <testcase name="testProfileMenuOptions" time="42.12" classname="UserAccess.ProfileMenuOptions"/>
  <testcase name="testSignUpElements" time="21.055" classname="UserAccess.SignUpExistingEmail"/>
  <testcase name="testEnquiry" time="5.829" classname="homePage.Enquiry"/>
  <testcase name="testIndustriesPageElements" time="4.158" classname="industriesMenu.IndustriesPageElements"/>
  <testcase name="testChangeCountry" time="7.304" classname="homePage.ChangeCountry"/>
  <testcase name="testLogout" time="4.124" classname="UserAccess.Logout"/>
  <testcase name="testAdminAdminPageElements" time="61.461" classname="admin.AdminPageElements"/>
  <testcase name="testRemoveProductCartItem" time="40.123" classname="orders.RemoveProductCartItem">
    <failure type="org.openqa.selenium.NoSuchElementException" message="no such element: Unable to locate element: {&amp;quot;method&amp;quot;:&amp;quot;xpath&amp;quot;,&amp;quot;selector&amp;quot;:&amp;quot;(//span[@class=&amp;apos;badge&amp;apos;][contains(.,&amp;apos;0&amp;apos;)])[1]&amp;quot;}
  (Session info: chrome=86.0.4240.80)
  (Driver info: chromedriver=85.0.4183.87 (cd6713ebf92fa1cacc0f1a598df280093af0c5d7-refs/branch-heads/4183@{#1689}),platform=Mac OS X 10.15.5 x86_64) (WARNING: The server did not provide any stacktrace information)
Command duration or timeout: 40.02 seconds
For documentation on this error, please visit: http://seleniumhq.org/exceptions/no_such_element.html
Build info: version: &amp;apos;2.43.1&amp;apos;, revision: &amp;apos;5163bce&amp;apos;, time: &amp;apos;2014-09-10 16:27:58&amp;apos;
System info: host: &amp;apos;REACH-HARDs-MacBook-Pro.local&amp;apos;, ip: &amp;apos;127.0.0.1&amp;apos;, os.name: &amp;apos;Mac OS X&amp;apos;, os.arch: &amp;apos;x86_64&amp;apos;, os.version: &amp;apos;10.15.5&amp;apos;, java.version: &amp;apos;1.8.0_251&amp;apos;
Driver info: org.openqa.selenium.chrome.ChromeDriver
Capabilities [{mobileEmulationEnabled=false, timeouts={implicit=0, pageLoad=300000, script=30000}, hasTouchScreen=false, platform=MAC, acceptSslCerts=false, goog:chromeOptions={debuggerAddress=localhost:58126}, acceptInsecureCerts=false, webStorageEnabled=true, browserName=chrome, takesScreenshot=true, javascriptEnabled=true, setWindowRect=true, unexpectedAlertBehaviour=ignore, applicationCacheEnabled=false, rotatable=false, networkConnectionEnabled=false, chrome={chromedriverVersion=85.0.4183.87 (cd6713ebf92fa1cacc0f1a598df280093af0c5d7-refs/branch-heads/4183@{#1689}), userDataDir=/var/folders/0j/n5yq2mz17kj2n3l2t4lh8yyw0000gn/T/.com.google.Chrome.9kFUSf}, takesHeapSnapshot=true, pageLoadStrategy=normal, strictFileInteractability=false, databaseEnabled=false, handlesAlerts=true, version=86.0.4240.80, browserConnectionEnabled=false, proxy={}, nativeEvents=true, locationContextEnabled=true, cssSelectorsEnabled=true, webauthn:virtualAuthenticators=true}]
Session ID: 988c6c5ed732332f6a695d11f76ced01">
      <![CDATA[org.openqa.selenium.NoSuchElementException: no such element: Unable to locate element: {"method":"xpath","selector":"(//span[@class='badge'][contains(.,'0')])[1]"}
  (Session info: chrome=86.0.4240.80)
  (Driver info: chromedriver=85.0.4183.87 (cd6713ebf92fa1cacc0f1a598df280093af0c5d7-refs/branch-heads/4183@{#1689}),platform=Mac OS X 10.15.5 x86_64) (WARNING: The server did not provide any stacktrace information)
Command duration or timeout: 40.02 seconds
For documentation on this error, please visit: http://seleniumhq.org/exceptions/no_such_element.html
Build info: version: '2.43.1', revision: '5163bce', time: '2014-09-10 16:27:58'
System info: host: 'REACH-HARDs-MacBook-Pro.local', ip: '127.0.0.1', os.name: 'Mac OS X', os.arch: 'x86_64', os.version: '10.15.5', java.version: '1.8.0_251'
Driver info: org.openqa.selenium.chrome.ChromeDriver
Capabilities [{mobileEmulationEnabled=false, timeouts={implicit=0, pageLoad=300000, script=30000}, hasTouchScreen=false, platform=MAC, acceptSslCerts=false, goog:chromeOptions={debuggerAddress=localhost:58126}, acceptInsecureCerts=false, webStorageEnabled=true, browserName=chrome, takesScreenshot=true, javascriptEnabled=true, setWindowRect=true, unexpectedAlertBehaviour=ignore, applicationCacheEnabled=false, rotatable=false, networkConnectionEnabled=false, chrome={chromedriverVersion=85.0.4183.87 (cd6713ebf92fa1cacc0f1a598df280093af0c5d7-refs/branch-heads/4183@{#1689}), userDataDir=/var/folders/0j/n5yq2mz17kj2n3l2t4lh8yyw0000gn/T/.com.google.Chrome.9kFUSf}, takesHeapSnapshot=true, pageLoadStrategy=normal, strictFileInteractability=false, databaseEnabled=false, handlesAlerts=true, version=86.0.4240.80, browserConnectionEnabled=false, proxy={}, nativeEvents=true, locationContextEnabled=true, cssSelectorsEnabled=true, webauthn:virtualAuthenticators=true}]
Session ID: 988c6c5ed732332f6a695d11f76ced01
at org.openqa.selenium.remote.ErrorHandler.createThrowable(ErrorHandler.java:204)
at org.openqa.selenium.remote.ErrorHandler.throwIfResponseFailed(ErrorHandler.java:156)
at org.openqa.selenium.remote.RemoteWebDriver.execute(RemoteWebDriver.java:599)
at org.openqa.selenium.remote.RemoteWebDriver.findElement(RemoteWebDriver.java:352)
at org.openqa.selenium.remote.RemoteWebDriver.findElementByXPath(RemoteWebDriver.java:449)
at org.openqa.selenium.By$ByXPath.findElement(By.java:357)
at org.openqa.selenium.remote.RemoteWebDriver.findElement(RemoteWebDriver.java:344)
at orders.RemoveProductCartItem.testRemoveProductCartItem(RemoveProductCartItem.java:131)
at java.util.ArrayList.forEach(ArrayList.java:1257)
... Removed 31 stack frames]]>
    </failure>
  </testcase> <!-- testRemoveProductCartItem -->
</testsuite> <!-- Test -->
