<html>
<head>
<title>TestNG:  Test</title>
<link href="../testng.css" rel="stylesheet" type="text/css" />
<link href="../my-testng.css" rel="stylesheet" type="text/css" />

<style type="text/css">
.log { display: none;} 
.stack-trace { display: none;} 
</style>
<script type="text/javascript">
<!--
function flip(e) {
  current = e.style.display;
  if (current == 'block') {
    e.style.display = 'none';
    return 0;
  }
  else {
    e.style.display = 'block';
    return 1;
  }
}

function toggleBox(szDivId, elem, msg1, msg2)
{
  var res = -1;  if (document.getElementById) {
    res = flip(document.getElementById(szDivId));
  }
  else if (document.all) {
    // this is the way old msie versions work
    res = flip(document.all[szDivId]);
  }
  if(elem) {
    if(res == 0) elem.innerHTML = msg1; else elem.innerHTML = msg2;
  }

}

function toggleAllBoxes() {
  if (document.getElementsByTagName) {
    d = document.getElementsByTagName('div');
    for (i = 0; i < d.length; i++) {
      if (d[i].className == 'log') {
        flip(d[i]);
      }
    }
  }
}

// -->
</script>

</head>
<body>
<h2 align='center'>Test</h2><table border='1' align="center">
<tr>
<td>Tests passed/Failed/Skipped:</td><td>37/2/0</td>
</tr><tr>
<td>Started on:</td><td>Mon Oct 19 09:30:20 WAT 2020</td>
</tr>
<tr><td>Total time:</td><td>1869 seconds (1869560 ms)</td>
</tr><tr>
<td>Included groups:</td><td></td>
</tr><tr>
<td>Excluded groups:</td><td></td>
</tr>
</table><p/>
<small><i>(Hover the method name to see the test class name)</i></small><p/>
<table width='100%' border='1' class='invocation-failed'>
<tr><td colspan='4' align='center'><b>FAILED TESTS</b></td></tr>
<tr><td><b>Test method</b></td>
<td width="30%"><b>Exception</b></td>
<td width="10%"><b>Time (seconds)</b></td>
<td><b>Instance</b></td>
</tr>
<tr>
<td title='orders.RemoveProductCartItem.testRemoveProductCartItem()'><b>testRemoveProductCartItem</b><br>Test class: orders.RemoveProductCartItem</td>
<td><div><pre>org.openqa.selenium.NoSuchElementException: no such element: Unable to locate element: {&quot;method&quot;:&quot;xpath&quot;,&quot;selector&quot;:&quot;(//span[@class=&apos;badge&apos;][contains(.,&apos;0&apos;)])[1]&quot;}
  (Session info: chrome=86.0.4240.80)
  (Driver info: chromedriver=85.0.4183.87 (cd6713ebf92fa1cacc0f1a598df280093af0c5d7-refs/branch-heads/4183@{#1689}),platform=Mac OS X 10.15.5 x86_64) (WARNING: The server did not provide any stacktrace information)
Command duration or timeout: 40.02 seconds
For documentation on this error, please visit: http://seleniumhq.org/exceptions/no_such_element.html
Build info: version: &apos;2.43.1&apos;, revision: &apos;5163bce&apos;, time: &apos;2014-09-10 16:27:58&apos;
System info: host: &apos;REACH-HARDs-MacBook-Pro.local&apos;, ip: &apos;127.0.0.1&apos;, os.name: &apos;Mac OS X&apos;, os.arch: &apos;x86_64&apos;, os.version: &apos;10.15.5&apos;, java.version: &apos;1.8.0_251&apos;
Driver info: org.openqa.selenium.chrome.ChromeDriver
Capabilities [{mobileEmulationEnabled=false, timeouts={implicit=0, pageLoad=300000, script=30000}, hasTouchScreen=false, platform=MAC, acceptSslCerts=false, goog:chromeOptions={debuggerAddress=localhost:58126}, acceptInsecureCerts=false, webStorageEnabled=true, browserName=chrome, takesScreenshot=true, javascriptEnabled=true, setWindowRect=true, unexpectedAlertBehaviour=ignore, applicationCacheEnabled=false, rotatable=false, networkConnectionEnabled=false, chrome={chromedriverVersion=85.0.4183.87 (cd6713ebf92fa1cacc0f1a598df280093af0c5d7-refs/branch-heads/4183@{#1689}), userDataDir=/var/folders/0j/n5yq2mz17kj2n3l2t4lh8yyw0000gn/T/.com.google.Chrome.9kFUSf}, takesHeapSnapshot=true, pageLoadStrategy=normal, strictFileInteractability=false, databaseEnabled=false, handlesAlerts=true, version=86.0.4240.80, browserConnectionEnabled=false, proxy={}, nativeEvents=true, locationContextEnabled=true, cssSelectorsEnabled=true, webauthn:virtualAuthenticators=true}]
Session ID: 988c6c5ed732332f6a695d11f76ced01
	at org.openqa.selenium.remote.ErrorHandler.createThrowable(ErrorHandler.java:204)
	at org.openqa.selenium.remote.ErrorHandler.throwIfResponseFailed(ErrorHandler.java:156)
	at org.openqa.selenium.remote.RemoteWebDriver.execute(RemoteWebDriver.java:599)
	at org.openqa.selenium.remote.RemoteWebDriver.findElement(RemoteWebDriver.java:352)
	at org.openqa.selenium.remote.RemoteWebDriver.findElementByXPath(RemoteWebDriver.java:449)
	at org.openqa.selenium.By$ByXPath.findElement(By.java:357)
	at org.openqa.selenium.remote.RemoteWebDriver.findElement(RemoteWebDriver.java:344)
	at orders.RemoveProductCartItem.testRemoveProductCartItem(RemoveProductCartItem.java:131)
	at java.util.ArrayList.forEach(ArrayList.java:1257)
... Removed 31 stack frames</pre></div><a href='#' onClick='toggleBox("stack-trace2009832657", this, "Click to show all stack frames", "Click to hide stack frames")'>Click to show all stack frames</a>
<div class='stack-trace' id='stack-trace2009832657'><pre>org.openqa.selenium.NoSuchElementException: no such element: Unable to locate element: {&quot;method&quot;:&quot;xpath&quot;,&quot;selector&quot;:&quot;(//span[@class=&apos;badge&apos;][contains(.,&apos;0&apos;)])[1]&quot;}
  (Session info: chrome=86.0.4240.80)
  (Driver info: chromedriver=85.0.4183.87 (cd6713ebf92fa1cacc0f1a598df280093af0c5d7-refs/branch-heads/4183@{#1689}),platform=Mac OS X 10.15.5 x86_64) (WARNING: The server did not provide any stacktrace information)
Command duration or timeout: 40.02 seconds
For documentation on this error, please visit: http://seleniumhq.org/exceptions/no_such_element.html
Build info: version: &apos;2.43.1&apos;, revision: &apos;5163bce&apos;, time: &apos;2014-09-10 16:27:58&apos;
System info: host: &apos;REACH-HARDs-MacBook-Pro.local&apos;, ip: &apos;127.0.0.1&apos;, os.name: &apos;Mac OS X&apos;, os.arch: &apos;x86_64&apos;, os.version: &apos;10.15.5&apos;, java.version: &apos;1.8.0_251&apos;
Driver info: org.openqa.selenium.chrome.ChromeDriver
Capabilities [{mobileEmulationEnabled=false, timeouts={implicit=0, pageLoad=300000, script=30000}, hasTouchScreen=false, platform=MAC, acceptSslCerts=false, goog:chromeOptions={debuggerAddress=localhost:58126}, acceptInsecureCerts=false, webStorageEnabled=true, browserName=chrome, takesScreenshot=true, javascriptEnabled=true, setWindowRect=true, unexpectedAlertBehaviour=ignore, applicationCacheEnabled=false, rotatable=false, networkConnectionEnabled=false, chrome={chromedriverVersion=85.0.4183.87 (cd6713ebf92fa1cacc0f1a598df280093af0c5d7-refs/branch-heads/4183@{#1689}), userDataDir=/var/folders/0j/n5yq2mz17kj2n3l2t4lh8yyw0000gn/T/.com.google.Chrome.9kFUSf}, takesHeapSnapshot=true, pageLoadStrategy=normal, strictFileInteractability=false, databaseEnabled=false, handlesAlerts=true, version=86.0.4240.80, browserConnectionEnabled=false, proxy={}, nativeEvents=true, locationContextEnabled=true, cssSelectorsEnabled=true, webauthn:virtualAuthenticators=true}]
Session ID: 988c6c5ed732332f6a695d11f76ced01
	at sun.reflect.NativeConstructorAccessorImpl.newInstance0(Native Method)
	at sun.reflect.NativeConstructorAccessorImpl.newInstance(NativeConstructorAccessorImpl.java:62)
	at sun.reflect.DelegatingConstructorAccessorImpl.newInstance(DelegatingConstructorAccessorImpl.java:45)
	at java.lang.reflect.Constructor.newInstance(Constructor.java:423)
	at org.openqa.selenium.remote.ErrorHandler.createThrowable(ErrorHandler.java:204)
	at org.openqa.selenium.remote.ErrorHandler.throwIfResponseFailed(ErrorHandler.java:156)
	at org.openqa.selenium.remote.RemoteWebDriver.execute(RemoteWebDriver.java:599)
	at org.openqa.selenium.remote.RemoteWebDriver.findElement(RemoteWebDriver.java:352)
	at org.openqa.selenium.remote.RemoteWebDriver.findElementByXPath(RemoteWebDriver.java:449)
	at org.openqa.selenium.By$ByXPath.findElement(By.java:357)
	at org.openqa.selenium.remote.RemoteWebDriver.findElement(RemoteWebDriver.java:344)
	at orders.RemoveProductCartItem.testRemoveProductCartItem(RemoveProductCartItem.java:131)
	at sun.reflect.NativeMethodAccessorImpl.invoke0(Native Method)
	at sun.reflect.NativeMethodAccessorImpl.invoke(NativeMethodAccessorImpl.java:62)
	at sun.reflect.DelegatingMethodAccessorImpl.invoke(DelegatingMethodAccessorImpl.java:43)
	at java.lang.reflect.Method.invoke(Method.java:498)
	at org.testng.internal.MethodInvocationHelper.invokeMethod(MethodInvocationHelper.java:132)
	at org.testng.internal.TestInvoker.invokeMethod(TestInvoker.java:599)
	at org.testng.internal.TestInvoker.invokeTestMethod(TestInvoker.java:174)
	at org.testng.internal.MethodRunner.runInSequence(MethodRunner.java:46)
	at org.testng.internal.TestInvoker$MethodInvocationAgent.invoke(TestInvoker.java:822)
	at org.testng.internal.TestInvoker.invokeTestMethods(TestInvoker.java:147)
	at org.testng.internal.TestMethodWorker.invokeTestMethods(TestMethodWorker.java:146)
	at org.testng.internal.TestMethodWorker.run(TestMethodWorker.java:128)
	at java.util.ArrayList.forEach(ArrayList.java:1257)
	at org.testng.TestRunner.privateRun(TestRunner.java:764)
	at org.testng.TestRunner.run(TestRunner.java:585)
	at org.testng.SuiteRunner.runTest(SuiteRunner.java:384)
	at org.testng.SuiteRunner.runSequentially(SuiteRunner.java:378)
	at org.testng.SuiteRunner.privateRun(SuiteRunner.java:337)
	at org.testng.SuiteRunner.run(SuiteRunner.java:286)
	at org.testng.SuiteRunnerWorker.runSuite(SuiteRunnerWorker.java:53)
	at org.testng.SuiteRunnerWorker.run(SuiteRunnerWorker.java:96)
	at org.testng.TestNG.runSuitesSequentially(TestNG.java:1218)
	at org.testng.TestNG.runSuitesLocally(TestNG.java:1140)
	at org.testng.TestNG.runSuites(TestNG.java:1069)
	at org.testng.TestNG.run(TestNG.java:1037)
	at org.testng.remote.AbstractRemoteTestNG.run(AbstractRemoteTestNG.java:115)
	at org.testng.remote.RemoteTestNG.initAndRun(RemoteTestNG.java:251)
	at org.testng.remote.RemoteTestNG.main(RemoteTestNG.java:77)
</pre></div></td>
<td>40</td>
<td>orders.RemoveProductCartItem@2928854b</td></tr>
<tr>
<td title='UserAccess.SignIn.testSignIn()'><b>testSignIn</b><br>Test class: UserAccess.SignIn</td>
<td><div><pre>java.lang.NullPointerException
	at UserAccess.SignIn.testSignIn(SignIn.java:108)
	at java.util.ArrayList.forEach(ArrayList.java:1257)
... Removed 27 stack frames</pre></div><a href='#' onClick='toggleBox("stack-trace1604342290", this, "Click to show all stack frames", "Click to hide stack frames")'>Click to show all stack frames</a>
<div class='stack-trace' id='stack-trace1604342290'><pre>java.lang.NullPointerException
	at UserAccess.SignIn.testSignIn(SignIn.java:108)
	at sun.reflect.NativeMethodAccessorImpl.invoke0(Native Method)
	at sun.reflect.NativeMethodAccessorImpl.invoke(NativeMethodAccessorImpl.java:62)
	at sun.reflect.DelegatingMethodAccessorImpl.invoke(DelegatingMethodAccessorImpl.java:43)
	at java.lang.reflect.Method.invoke(Method.java:498)
	at org.testng.internal.MethodInvocationHelper.invokeMethod(MethodInvocationHelper.java:132)
	at org.testng.internal.TestInvoker.invokeMethod(TestInvoker.java:599)
	at org.testng.internal.TestInvoker.invokeTestMethod(TestInvoker.java:174)
	at org.testng.internal.MethodRunner.runInSequence(MethodRunner.java:46)
	at org.testng.internal.TestInvoker$MethodInvocationAgent.invoke(TestInvoker.java:822)
	at org.testng.internal.TestInvoker.invokeTestMethods(TestInvoker.java:147)
	at org.testng.internal.TestMethodWorker.invokeTestMethods(TestMethodWorker.java:146)
	at org.testng.internal.TestMethodWorker.run(TestMethodWorker.java:128)
	at java.util.ArrayList.forEach(ArrayList.java:1257)
	at org.testng.TestRunner.privateRun(TestRunner.java:764)
	at org.testng.TestRunner.run(TestRunner.java:585)
	at org.testng.SuiteRunner.runTest(SuiteRunner.java:384)
	at org.testng.SuiteRunner.runSequentially(SuiteRunner.java:378)
	at org.testng.SuiteRunner.privateRun(SuiteRunner.java:337)
	at org.testng.SuiteRunner.run(SuiteRunner.java:286)
	at org.testng.SuiteRunnerWorker.runSuite(SuiteRunnerWorker.java:53)
	at org.testng.SuiteRunnerWorker.run(SuiteRunnerWorker.java:96)
	at org.testng.TestNG.runSuitesSequentially(TestNG.java:1218)
	at org.testng.TestNG.runSuitesLocally(TestNG.java:1140)
	at org.testng.TestNG.runSuites(TestNG.java:1069)
	at org.testng.TestNG.run(TestNG.java:1037)
	at org.testng.remote.AbstractRemoteTestNG.run(AbstractRemoteTestNG.java:115)
	at org.testng.remote.RemoteTestNG.initAndRun(RemoteTestNG.java:251)
	at org.testng.remote.RemoteTestNG.main(RemoteTestNG.java:77)
</pre></div></td>
<td>0</td>
<td>UserAccess.SignIn@38c5cc4c</td></tr>
</table><p>
<table width='100%' border='1' class='invocation-passed'>
<tr><td colspan='4' align='center'><b>PASSED TESTS</b></td></tr>
<tr><td><b>Test method</b></td>
<td width="30%"><b>Exception</b></td>
<td width="10%"><b>Time (seconds)</b></td>
<td><b>Instance</b></td>
</tr>
<tr>
<td title='footer.IndustrialSolutions.IndustialSolutions()'><b>IndustialSolutions</b><br>Test class: footer.IndustrialSolutions</td>
<td></td>
<td>2</td>
<td>footer.IndustrialSolutions@60dcc9fe</td></tr>
<tr>
<td title='homePage.AboutUs.testAboutUs()'><b>testAboutUs</b><br>Test class: homePage.AboutUs</td>
<td></td>
<td>2</td>
<td>homePage.AboutUs@7f1302d6</td></tr>
<tr>
<td title='orders.AddProductCart.testAddProductCart()'><b>testAddProductCart</b><br>Test class: orders.AddProductCart</td>
<td></td>
<td>54</td>
<td>orders.AddProductCart@78e94dcf</td></tr>
<tr>
<td title='admin.AdminPageElements.testAdminAdminPageElements()'><b>testAdminAdminPageElements</b><br>Test class: admin.AdminPageElements</td>
<td></td>
<td>61</td>
<td>admin.AdminPageElements@79efed2d</td></tr>
<tr>
<td title='admin.Requests.testAdminLoginUtility()'><b>testAdminLoginUtility</b><br>Test class: admin.Requests</td>
<td></td>
<td>27</td>
<td>admin.Requests@358ee631</td></tr>
<tr>
<td title='admin.AdminProfileMenuOptions.testAdminProfileMenuOptions()'><b>testAdminProfileMenuOptions</b><br>Test class: admin.AdminProfileMenuOptions</td>
<td></td>
<td>2</td>
<td>admin.AdminProfileMenuOptions@4fe767f3</td></tr>
<tr>
<td title='homePage.BrowseEquipments.testBrowseEquipments()'><b>testBrowseEquipments</b><br>Test class: homePage.BrowseEquipments</td>
<td></td>
<td>2</td>
<td>homePage.BrowseEquipments@233fe9b6</td></tr>
<tr>
<td title='homePage.BrowseRentals.testBrowseRentals()'><b>testBrowseRentals</b><br>Test class: homePage.BrowseRentals</td>
<td></td>
<td>2</td>
<td>homePage.BrowseRentals@ec756bd</td></tr>
<tr>
<td title='homePage.CancelProductSearch.testCancelProductSearch()'><b>testCancelProductSearch</b><br>Test class: homePage.CancelProductSearch</td>
<td></td>
<td>7</td>
<td>homePage.CancelProductSearch@23529fee</td></tr>
<tr>
<td title='homePage.ChangeCountry.testChangeCountry()'><b>testChangeCountry</b><br>Test class: homePage.ChangeCountry</td>
<td></td>
<td>7</td>
<td>homePage.ChangeCountry@d706f19</td></tr>
<tr>
<td title='companyMenu.CompanyMenuPageElements.testCompanyMenuPageElements()'><b>testCompanyMenuPageElements</b><br>Test class: companyMenu.CompanyMenuPageElements</td>
<td></td>
<td>2</td>
<td>companyMenu.CompanyMenuPageElements@2805c96b</td></tr>
<tr>
<td title='orders.EmptyCart.testEmotyCart()'><b>testEmotyCart</b><br>Test class: orders.EmptyCart</td>
<td></td>
<td>7</td>
<td>orders.EmptyCart@2fd6b6c7</td></tr>
<tr>
<td title='orders.RentWithoutLogin.testEmotyCart()'><b>testEmotyCart</b><br>Test class: orders.RentWithoutLogin</td>
<td></td>
<td>10</td>
<td>orders.RentWithoutLogin@3901d134</td></tr>
<tr>
<td title='homePage.Enquiry.testEnquiry()'><b>testEnquiry</b><br>Test class: homePage.Enquiry</td>
<td></td>
<td>5</td>
<td>homePage.Enquiry@45018215</td></tr>
<tr>
<td title='admin.Equipments.testEquipments()'><b>testEquipments</b><br>Test class: admin.Equipments</td>
<td></td>
<td>10</td>
<td>admin.Equipments@5bfa9431</td></tr>
<tr>
<td title='footer.FAQs.testFAQs()'><b>testFAQs</b><br>Test class: footer.FAQs</td>
<td></td>
<td>2</td>
<td>footer.FAQs@12d4bf7e</td></tr>
<tr>
<td title='admin.Features.testFeatures()'><b>testFeatures</b><br>Test class: admin.Features</td>
<td></td>
<td>32</td>
<td>admin.Features@75f32542</td></tr>
<tr>
<td title='homePage.HomepageElements.testHomepageElements()'><b>testHomepageElements</b><br>Test class: homePage.HomepageElements</td>
<td></td>
<td>16</td>
<td>homePage.HomepageElements@43ee72e6</td></tr>
<tr>
<td title='industriesMenu.IndustriesPageElements.testIndustriesPageElements()'><b>testIndustriesPageElements</b><br>Test class: industriesMenu.IndustriesPageElements</td>
<td></td>
<td>4</td>
<td>industriesMenu.IndustriesPageElements@65d6b83b</td></tr>
<tr>
<td title='UserAccess.InvalidLogin.testInvalidLogin()'><b>testInvalidLogin</b><br>Test class: UserAccess.InvalidLogin</td>
<td></td>
<td>16</td>
<td>UserAccess.InvalidLogin@16e7dcfd</td></tr>
<tr>
<td title='homePage.InvalidProductSearch.testInvalidProductSearch()'><b>testInvalidProductSearch</b><br>Test class: homePage.InvalidProductSearch</td>
<td></td>
<td>4</td>
<td>homePage.InvalidProductSearch@3c72f59f</td></tr>
<tr>
<td title='UserAccess.LoginPageElements.testLoginElements()'><b>testLoginElements</b><br>Test class: UserAccess.LoginPageElements</td>
<td></td>
<td>2</td>
<td>UserAccess.LoginPageElements@223f3642</td></tr>
<tr>
<td title='UserAccess.Logout.testLogout()'><b>testLogout</b><br>Test class: UserAccess.Logout</td>
<td></td>
<td>4</td>
<td>UserAccess.Logout@30b7c004</td></tr>
<tr>
<td title='footer.OurStory.testOurStory()'><b>testOurStory</b><br>Test class: footer.OurStory</td>
<td></td>
<td>2</td>
<td>footer.OurStory@3b07a0d6</td></tr>
<tr>
<td title='orders.ProductCartDetails.testProductCartDetails()'><b>testProductCartDetails</b><br>Test class: orders.ProductCartDetails</td>
<td></td>
<td>29</td>
<td>orders.ProductCartDetails@222114ba</td></tr>
<tr>
<td title='UserAccess.ProfileMenuOptions.testProfileMenuOptions()'><b>testProfileMenuOptions</b><br>Test class: UserAccess.ProfileMenuOptions</td>
<td></td>
<td>42</td>
<td>UserAccess.ProfileMenuOptions@7b227d8d</td></tr>
<tr>
<td title='footer.RentalEquipments.testRentalEquipments()'><b>testRentalEquipments</b><br>Test class: footer.RentalEquipments</td>
<td></td>
<td>2</td>
<td>footer.RentalEquipments@14d3bc22</td></tr>
<tr>
<td title='rentalsMenu.RentalsPageElements.testRentalsPageElements()'><b>testRentalsPageElements</b><br>Test class: rentalsMenu.RentalsPageElements</td>
<td></td>
<td>8</td>
<td>rentalsMenu.RentalsPageElements@7692d9cc</td></tr>
<tr>
<td title='supportMenu.ServiceSupportElements.testServiceSupportElements()'><b>testServiceSupportElements</b><br>Test class: supportMenu.ServiceSupportElements</td>
<td></td>
<td>6</td>
<td>supportMenu.ServiceSupportElements@6b19b79</td></tr>
<tr>
<td title='UserAccess.SignUp.testSignUp()'><b>testSignUp</b><br>Test class: UserAccess.SignUp</td>
<td></td>
<td>27</td>
<td>UserAccess.SignUp@3d121db3</td></tr>
<tr>
<td title='UserAccess.SignUpPageElements.testSignUpElements()'><b>testSignUpElements</b><br>Test class: UserAccess.SignUpPageElements</td>
<td></td>
<td>10</td>
<td>UserAccess.SignUpPageElements@4c1d9d4b</td></tr>
<tr>
<td title='UserAccess.SignUpExistingEmail.testSignUpElements()'><b>testSignUpElements</b><br>Test class: UserAccess.SignUpExistingEmail</td>
<td></td>
<td>21</td>
<td>UserAccess.SignUpExistingEmail@7219ec67</td></tr>
<tr>
<td title='orders.SubmitProductQuote.testSubmitProductQuote()'><b>testSubmitProductQuote</b><br>Test class: orders.SubmitProductQuote</td>
<td></td>
<td>35</td>
<td>orders.SubmitProductQuote@37918c79</td></tr>
<tr>
<td title='footer.Subscribe.testSubscribe()'><b>testSubscribe</b><br>Test class: footer.Subscribe</td>
<td></td>
<td>2</td>
<td>footer.Subscribe@2a32de6c</td></tr>
<tr>
<td title='homePage.Subscribe.testSubscribe()'><b>testSubscribe</b><br>Test class: homePage.Subscribe</td>
<td></td>
<td>1</td>
<td>homePage.Subscribe@11a9e7c8</td></tr>
<tr>
<td title='orders.UpdateCartQuantity.testUpdateCartQuantity()'><b>testUpdateCartQuantity</b><br>Test class: orders.UpdateCartQuantity</td>
<td></td>
<td>83</td>
<td>orders.UpdateCartQuantity@184cf7cf</td></tr>
<tr>
<td title='homePage.ValidProductSearch.testValidProductSearch()'><b>testValidProductSearch</b><br>Test class: homePage.ValidProductSearch</td>
<td></td>
<td>18</td>
<td>homePage.ValidProductSearch@5db250b4</td></tr>
</table><p>
</body>
</html>