<?xml version="1.0" encoding="UTF-8"?>
<!-- Generated by org.testng.reporters.JUnitReportReporter -->
<testsuite skipped="1" hostname="WN-HQ-LT-DEV-42" name="flights.LocalFlightWithoutAddons" tests="2" failures="0" timestamp="01 May 2020 08:39:25 GMT" time="3.460" errors="1">
  <testcase name="openApp" time="3.460" classname="flights.LocalFlightWithoutAddons">
    <error type="org.openqa.selenium.SessionNotCreatedException" message="session not created: This version of ChromeDriver only supports Chrome version 76
Build info: version: &#039;unknown&#039;, revision: &#039;unknown&#039;, time: &#039;unknown&#039;
System info: host: &#039;WN-HQ-LT-DEV-42&#039;, ip: &#039;172.20.10.4&#039;, os.name: &#039;Windows 10&#039;, os.arch: &#039;amd64&#039;, os.version: &#039;10.0&#039;, java.version: &#039;1.8.0_211&#039;
Driver info: driver.version: ChromeDriver
remote stacktrace: Backtrace:
	Ordinal0 [0x004E7C93+1473683]
	Ordinal0 [0x0046ADB1+961969]
	Ordinal0 [0x003F42E3+475875]
	Ordinal0 [0x0038F365+62309]
	Ordinal0 [0x0038BC77+48247]
	Ordinal0 [0x003A9149+168265]
	Ordinal0 [0x003A8D1D+167197]
	Ordinal0 [0x003A742B+160811]
	Ordinal0 [0x00390AE6+68326]
	Ordinal0 [0x00391BF0+72688]
	Ordinal0 [0x00391B89+72585]
	Ordinal0 [0x00484B77+1067895]
	GetHandleVerifier [0x00586875+506677]
	GetHandleVerifier [0x00586610+506064]
	GetHandleVerifier [0x0058D1B8+533624]
	GetHandleVerifier [0x0058704A+508682]
	Ordinal0 [0x0047C266+1032806]
	Ordinal0 [0x0047C0DF+1032415]
	Ordinal0 [0x00486A8B+1075851]
	Ordinal0 [0x00486BF3+1076211]
	Ordinal0 [0x00485BA5+1072037]
	BaseThreadInitThunk [0x764B0419+25]
	RtlGetAppContainerNamedObjectPath [0x778C662D+237]
	RtlGetAppContainerNamedObjectPath [0x778C65FD+189]
">
      <![CDATA[org.openqa.selenium.SessionNotCreatedException: session not created: This version of ChromeDriver only supports Chrome version 76Build info: version: 'unknown', revision: 'unknown', time: 'unknown'System info: host: 'WN-HQ-LT-DEV-42', ip: '172.20.10.4', os.name: 'Windows 10', os.arch: 'amd64', os.version: '10.0', java.version: '1.8.0_211'Driver info: driver.version: ChromeDriverremote stacktrace: Backtrace:Ordinal0 [0x004E7C93+1473683]Ordinal0 [0x0046ADB1+961969]Ordinal0 [0x003F42E3+475875]Ordinal0 [0x0038F365+62309]Ordinal0 [0x0038BC77+48247]Ordinal0 [0x003A9149+168265]Ordinal0 [0x003A8D1D+167197]Ordinal0 [0x003A742B+160811]Ordinal0 [0x00390AE6+68326]Ordinal0 [0x00391BF0+72688]Ordinal0 [0x00391B89+72585]Ordinal0 [0x00484B77+1067895]GetHandleVerifier [0x00586875+506677]GetHandleVerifier [0x00586610+506064]GetHandleVerifier [0x0058D1B8+533624]GetHandleVerifier [0x0058704A+508682]Ordinal0 [0x0047C266+1032806]Ordinal0 [0x0047C0DF+1032415]Ordinal0 [0x00486A8B+1075851]Ordinal0 [0x00486BF3+1076211]Ordinal0 [0x00485BA5+1072037]BaseThreadInitThunk [0x764B0419+25]RtlGetAppContainerNamedObjectPath [0x778C662D+237]RtlGetAppContainerNamedObjectPath [0x778C65FD+189]at sun.reflect.NativeConstructorAccessorImpl.newInstance0(Native Method)at sun.reflect.NativeConstructorAccessorImpl.newInstance(NativeConstructorAccessorImpl.java:62)at sun.reflect.DelegatingConstructorAccessorImpl.newInstance(DelegatingConstructorAccessorImpl.java:45)at java.lang.reflect.Constructor.newInstance(Constructor.java:423)at org.openqa.selenium.remote.W3CHandshakeResponse.lambda$errorHandler$0(W3CHandshakeResponse.java:62)at org.openqa.selenium.remote.HandshakeResponse.lambda$getResponseFunction$0(HandshakeResponse.java:30)at org.openqa.selenium.remote.ProtocolHandshake.lambda$createSession$0(ProtocolHandshake.java:126)at java.util.stream.ReferencePipeline$3$1.accept(ReferencePipeline.java:193)at java.util.Spliterators$ArraySpliterator.tryAdvance(Spliterators.java:958)at java.util.stream.ReferencePipeline.forEachWithCancel(ReferencePipeline.java:126)at java.util.stream.AbstractPipeline.copyIntoWithCancel(AbstractPipeline.java:498)at java.util.stream.AbstractPipeline.copyInto(AbstractPipeline.java:485)at java.util.stream.AbstractPipeline.wrapAndCopyInto(AbstractPipeline.java:471)at java.util.stream.FindOps$FindOp.evaluateSequential(FindOps.java:152)at java.util.stream.AbstractPipeline.evaluate(AbstractPipeline.java:234)at java.util.stream.ReferencePipeline.findFirst(ReferencePipeline.java:464)at org.openqa.selenium.remote.ProtocolHandshake.createSession(ProtocolHandshake.java:128)at org.openqa.selenium.remote.ProtocolHandshake.createSession(ProtocolHandshake.java:74)at org.openqa.selenium.remote.HttpCommandExecutor.execute(HttpCommandExecutor.java:136)at org.openqa.selenium.remote.service.DriverCommandExecutor.execute(DriverCommandExecutor.java:83)at org.openqa.selenium.remote.RemoteWebDriver.execute(RemoteWebDriver.java:552)at org.openqa.selenium.remote.RemoteWebDriver.startSession(RemoteWebDriver.java:213)at org.openqa.selenium.remote.RemoteWebDriver.<init>(RemoteWebDriver.java:131)at org.openqa.selenium.chrome.ChromeDriver.<init>(ChromeDriver.java:181)at org.openqa.selenium.chrome.ChromeDriver.<init>(ChromeDriver.java:168)at org.openqa.selenium.chrome.ChromeDriver.<init>(ChromeDriver.java:123)at flights.LocalFlightWithoutAddons.openApp(LocalFlightWithoutAddons.java:42)at sun.reflect.NativeMethodAccessorImpl.invoke0(Native Method)at sun.reflect.NativeMethodAccessorImpl.invoke(NativeMethodAccessorImpl.java:62)at sun.reflect.DelegatingMethodAccessorImpl.invoke(DelegatingMethodAccessorImpl.java:43)at java.lang.reflect.Method.invoke(Method.java:498)at org.testng.internal.MethodInvocationHelper.invokeMethod(MethodInvocationHelper.java:124)at org.testng.internal.MethodInvocationHelper.invokeMethodConsideringTimeout(MethodInvocationHelper.java:59)at org.testng.internal.Invoker.invokeConfigurationMethod(Invoker.java:451)at org.testng.internal.Invoker.invokeConfigurations(Invoker.java:222)at org.testng.internal.Invoker.invokeConfigurations(Invoker.java:142)at org.testng.TestRunner.beforeRun(TestRunner.java:529)at org.testng.TestRunner.run(TestRunner.java:497)at org.testng.SuiteRunner.runTest(SuiteRunner.java:455)at org.testng.SuiteRunner.runSequentially(SuiteRunner.java:450)at org.testng.SuiteRunner.privateRun(SuiteRunner.java:415)at org.testng.SuiteRunner.run(SuiteRunner.java:364)at org.testng.SuiteRunnerWorker.runSuite(SuiteRunnerWorker.java:52)at org.testng.SuiteRunnerWorker.run(SuiteRunnerWorker.java:84)at org.testng.TestNG.runSuitesSequentially(TestNG.java:1187)at org.testng.TestNG.runSuitesLocally(TestNG.java:1116)at org.testng.TestNG.runSuites(TestNG.java:1028)at org.testng.TestNG.run(TestNG.java:996)at org.testng.remote.AbstractRemoteTestNG.run(AbstractRemoteTestNG.java:115)at org.testng.remote.RemoteTestNG.initAndRun(RemoteTestNG.java:251)at org.testng.remote.RemoteTestNG.main(RemoteTestNG.java:77)]]>
    </error>
  </testcase> <!-- openApp -->
  <testcase name="testlocalflight" time="0.000" classname="flights.LocalFlightWithoutAddons">
    <skipped/>
  </testcase> <!-- testlocalflight -->
</testsuite> <!-- flights.LocalFlightWithoutAddons -->
